Deleting directory /var/folders/fd/r6ytmh5x21ldbysgp1hn26qh0000gn/T/cursor-sandbox-cache/bd6ce382d24f8505f63402c41bbabbcb/gradle/wrapper/dists/gradle-9.0.0-bin/d6wjpkvcgsg3oed0qlfss3wgl/gradle-9.0.0

Welcome to Gradle 9.0.0!

Here are the highlights of this release:
 - Configuration Cache is the recommended execution mode
 - Gradle requires JVM 17 or higher to run
 - Build scripts use Kotlin 2.2 and Groovy 4.0
 - Improved Kotlin DSL script compilation avoidance

For more details see https://docs.gradle.org/9.0.0/release-notes.html

Starting a Gradle Daemon (subsequent builds will be faster)
> Task :gradle-plugin:settings-plugin:checkKotlinGradlePluginConfigurationErrors SKIPPED
> Task :gradle-plugin:shared:checkKotlinGradlePluginConfigurationErrors SKIPPED
> Task :gradle-plugin:shared:compileKotlin UP-TO-DATE
> Task :gradle-plugin:shared:compileJava NO-SOURCE
> Task :gradle-plugin:shared:processResources NO-SOURCE
> Task :gradle-plugin:shared:classes UP-TO-DATE
> Task :gradle-plugin:shared:jar UP-TO-DATE
> Task :gradle-plugin:settings-plugin:compileKotlin UP-TO-DATE
> Task :gradle-plugin:settings-plugin:compileJava NO-SOURCE
> Task :gradle-plugin:settings-plugin:pluginDescriptors UP-TO-DATE
> Task :gradle-plugin:settings-plugin:processResources UP-TO-DATE
> Task :gradle-plugin:settings-plugin:classes UP-TO-DATE
> Task :gradle-plugin:settings-plugin:jar UP-TO-DATE
> Task :gradle-plugin:react-native-gradle-plugin:checkKotlinGradlePluginConfigurationErrors SKIPPED
> Task :gradle-plugin:react-native-gradle-plugin:compileKotlin UP-TO-DATE
> Task :gradle-plugin:react-native-gradle-plugin:compileJava NO-SOURCE
> Task :gradle-plugin:react-native-gradle-plugin:pluginDescriptors UP-TO-DATE
> Task :gradle-plugin:react-native-gradle-plugin:processResources UP-TO-DATE
> Task :gradle-plugin:react-native-gradle-plugin:classes UP-TO-DATE
> Task :gradle-plugin:react-native-gradle-plugin:jar UP-TO-DATE

> Configure project :notifee_react-native
:notifee_react-native @notifee/react-native found at /Users/kaleshabaig/Projects/Freelancing/Car-Systems/client/node_modules/@notifee/react-native
:notifee_react-native package.json found at /Users/kaleshabaig/Projects/Freelancing/Car-Systems/client/node_modules/@notifee/react-native/package.json
:notifee_react-native:version set from package.json: 9.1.8 (9,1,8 - 9001008)
:notifee_react-native:android.compileSdk using custom value: 36
:notifee_react-native:android.targetSdk using custom value: 36
:notifee_react-native:android.minSdk using custom value: 24
:notifee_react-native:reactNativeAndroidDir /Users/kaleshabaig/Projects/Freelancing/Car-Systems/client/node_modules/react-native

> Configure project :react-native-firebase_app
:react-native-firebase_app package.json found at /Users/kaleshabaig/Projects/Freelancing/Car-Systems/client/node_modules/@react-native-firebase/app/package.json
:react-native-firebase_app:firebase.bom using default value: 34.10.0
:react-native-firebase_app:play.play-services-auth using default value: 21.5.0
:react-native-firebase_app package.json found at /Users/kaleshabaig/Projects/Freelancing/Car-Systems/client/node_modules/@react-native-firebase/app/package.json
:react-native-firebase_app:version set from package.json: 23.8.8 (23,8,8 - 23008008)
:react-native-firebase_app:android.compileSdk using custom value: 36
:react-native-firebase_app:android.targetSdk using custom value: 36
:react-native-firebase_app:android.minSdk using custom value: 24
:react-native-firebase_app:reactNativeAndroidDir /Users/kaleshabaig/Projects/Freelancing/Car-Systems/client/node_modules/react-native

> Configure project :react-native-mmkv
[react-native-mmkv] Thank you for using react-native-mmkv ❤️
[react-native-mmkv] If you enjoy using react-native-mmkv, please consider sponsoring this project: https://github.com/sponsors/mrousavy

> Task :app:createBundleReleaseJsAndAssets UP-TO-DATE
> Task :app:generateAutolinkingNewArchitectureFiles UP-TO-DATE
> Task :app:generateAutolinkingPackageList UP-TO-DATE
> Task :app:generateCodegenSchemaFromJavaScript SKIPPED
> Task :app:generateCodegenArtifactsFromSchema SKIPPED
> Task :app:generateReactNativeEntryPoint UP-TO-DATE
> Task :lottie-react-native:generateCodegenSchemaFromJavaScript UP-TO-DATE
> Task :lottie-react-native:generateCodegenArtifactsFromSchema UP-TO-DATE
> Task :lottie-react-native:preBuild UP-TO-DATE
> Task :notifee_react-native:preBuild UP-TO-DATE
> Task :react-native-cashfree-pg-sdk:preBuild UP-TO-DATE
> Task :react-native-community_geolocation:generateCodegenSchemaFromJavaScript UP-TO-DATE
> Task :react-native-community_geolocation:generateCodegenArtifactsFromSchema UP-TO-DATE
> Task :react-native-community_geolocation:preBuild UP-TO-DATE
> Task :react-native-document-picker:generateCodegenSchemaFromJavaScript UP-TO-DATE
> Task :react-native-document-picker:generateCodegenArtifactsFromSchema UP-TO-DATE
> Task :react-native-document-picker:preBuild UP-TO-DATE
> Task :react-native-firebase_app:preBuild UP-TO-DATE
> Task :react-native-gesture-handler:generateCodegenSchemaFromJavaScript UP-TO-DATE
> Task :react-native-gesture-handler:generateCodegenArtifactsFromSchema UP-TO-DATE
> Task :react-native-gesture-handler:preBuild UP-TO-DATE
> Task :react-native-image-picker:generateCodegenSchemaFromJavaScript UP-TO-DATE
> Task :react-native-image-picker:generateCodegenArtifactsFromSchema UP-TO-DATE
> Task :react-native-image-picker:preBuild UP-TO-DATE
> Task :react-native-linear-gradient:preBuild UP-TO-DATE
> Task :react-native-maps:generateCodegenSchemaFromJavaScript SKIPPED
> Task :react-native-maps:generateCodegenArtifactsFromSchema SKIPPED
> Task :react-native-maps:preBuild UP-TO-DATE
> Task :react-native-mmkv:generateCodegenSchemaFromJavaScript UP-TO-DATE
> Task :react-native-mmkv:generateCodegenArtifactsFromSchema UP-TO-DATE
> Task :react-native-mmkv:preBuild UP-TO-DATE
> Task :react-native-reanimated:assertMinimalReactNativeVersionTask
> Task :react-native-reanimated:assertNewArchitectureEnabledTask SKIPPED
> Task :react-native-reanimated:assertWorkletsVersionTask
> Task :react-native-reanimated:generateCodegenSchemaFromJavaScript UP-TO-DATE
> Task :react-native-reanimated:generateCodegenArtifactsFromSchema UP-TO-DATE
> Task :react-native-reanimated:prepareReanimatedHeadersForPrefabs UP-TO-DATE
> Task :react-native-reanimated:preBuild
> Task :react-native-safe-area-context:generateCodegenSchemaFromJavaScript UP-TO-DATE
> Task :react-native-safe-area-context:generateCodegenArtifactsFromSchema UP-TO-DATE
> Task :react-native-safe-area-context:preBuild UP-TO-DATE
> Task :react-native-screens:generateCodegenSchemaFromJavaScript UP-TO-DATE
> Task :react-native-screens:generateCodegenArtifactsFromSchema UP-TO-DATE
> Task :react-native-screens:preBuild UP-TO-DATE
> Task :react-native-svg:generateCodegenSchemaFromJavaScript UP-TO-DATE
> Task :react-native-svg:generateCodegenArtifactsFromSchema UP-TO-DATE
> Task :react-native-svg:preBuild UP-TO-DATE
> Task :react-native-vector-icons:generateCodegenSchemaFromJavaScript UP-TO-DATE
> Task :react-native-vector-icons:generateCodegenArtifactsFromSchema UP-TO-DATE
> Task :react-native-vector-icons:preBuild UP-TO-DATE
> Task :react-native-worklets:assertMinimalReactNativeVersionTask
> Task :react-native-worklets:assertNewArchitectureEnabledTask SKIPPED
> Task :react-native-worklets:generateCodegenSchemaFromJavaScript UP-TO-DATE
> Task :react-native-worklets:generateCodegenArtifactsFromSchema UP-TO-DATE
> Task :react-native-worklets:prepareWorkletsHeadersForPrefabs UP-TO-DATE
> Task :react-native-worklets:preBuild
> Task :app:preBuild
> Task :app:preReleaseBuild
> Task :app:generateReleaseResValues
> Task :lottie-react-native:preReleaseBuild UP-TO-DATE
> Task :lottie-react-native:generateReleaseResValues UP-TO-DATE
> Task :lottie-react-native:generateReleaseResources UP-TO-DATE
> Task :lottie-react-native:packageReleaseResources UP-TO-DATE
> Task :notifee_react-native:preReleaseBuild UP-TO-DATE
> Task :notifee_react-native:generateReleaseResValues UP-TO-DATE
> Task :notifee_react-native:generateReleaseResources UP-TO-DATE
> Task :notifee_react-native:packageReleaseResources UP-TO-DATE
> Task :react-native-cashfree-pg-sdk:preReleaseBuild UP-TO-DATE
> Task :react-native-cashfree-pg-sdk:generateReleaseResValues UP-TO-DATE
> Task :react-native-cashfree-pg-sdk:generateReleaseResources UP-TO-DATE
> Task :react-native-cashfree-pg-sdk:packageReleaseResources UP-TO-DATE
> Task :react-native-community_geolocation:preReleaseBuild UP-TO-DATE
> Task :react-native-community_geolocation:generateReleaseResValues UP-TO-DATE
> Task :react-native-community_geolocation:generateReleaseResources UP-TO-DATE
> Task :react-native-community_geolocation:packageReleaseResources UP-TO-DATE
> Task :react-native-document-picker:preReleaseBuild UP-TO-DATE
> Task :react-native-document-picker:generateReleaseResValues UP-TO-DATE
> Task :react-native-document-picker:generateReleaseResources UP-TO-DATE
> Task :react-native-document-picker:packageReleaseResources UP-TO-DATE
> Task :react-native-firebase_app:preReleaseBuild UP-TO-DATE
> Task :react-native-firebase_app:generateReleaseResValues UP-TO-DATE
> Task :react-native-firebase_app:generateReleaseResources UP-TO-DATE
> Task :react-native-firebase_app:packageReleaseResources UP-TO-DATE
> Task :react-native-gesture-handler:preReleaseBuild UP-TO-DATE
> Task :react-native-gesture-handler:generateReleaseResValues UP-TO-DATE
> Task :react-native-gesture-handler:generateReleaseResources UP-TO-DATE
> Task :react-native-gesture-handler:packageReleaseResources UP-TO-DATE
> Task :react-native-image-picker:preReleaseBuild UP-TO-DATE
> Task :react-native-image-picker:generateReleaseResValues UP-TO-DATE
> Task :react-native-image-picker:generateReleaseResources UP-TO-DATE
> Task :react-native-image-picker:packageReleaseResources UP-TO-DATE
> Task :react-native-linear-gradient:preReleaseBuild UP-TO-DATE
> Task :react-native-linear-gradient:generateReleaseResValues UP-TO-DATE
> Task :react-native-linear-gradient:generateReleaseResources UP-TO-DATE
> Task :react-native-linear-gradient:packageReleaseResources UP-TO-DATE
> Task :react-native-maps:preReleaseBuild UP-TO-DATE
> Task :react-native-maps:generateReleaseResValues UP-TO-DATE
> Task :react-native-maps:generateReleaseResources UP-TO-DATE
> Task :react-native-maps:packageReleaseResources UP-TO-DATE
> Task :react-native-mmkv:preReleaseBuild UP-TO-DATE
> Task :react-native-mmkv:generateReleaseResValues UP-TO-DATE
> Task :react-native-mmkv:generateReleaseResources UP-TO-DATE
> Task :react-native-mmkv:packageReleaseResources UP-TO-DATE
> Task :react-native-reanimated:preReleaseBuild
> Task :react-native-reanimated:generateReleaseResValues UP-TO-DATE
> Task :react-native-reanimated:generateReleaseResources UP-TO-DATE
> Task :react-native-reanimated:packageReleaseResources UP-TO-DATE
> Task :react-native-safe-area-context:preReleaseBuild UP-TO-DATE
> Task :react-native-safe-area-context:generateReleaseResValues UP-TO-DATE
> Task :react-native-safe-area-context:generateReleaseResources UP-TO-DATE
> Task :react-native-safe-area-context:packageReleaseResources UP-TO-DATE
> Task :react-native-screens:preReleaseBuild UP-TO-DATE
> Task :react-native-screens:generateReleaseResValues UP-TO-DATE
> Task :react-native-screens:generateReleaseResources UP-TO-DATE
> Task :react-native-screens:packageReleaseResources UP-TO-DATE
> Task :react-native-svg:preReleaseBuild UP-TO-DATE
> Task :react-native-svg:generateReleaseResValues UP-TO-DATE
> Task :react-native-svg:generateReleaseResources UP-TO-DATE
> Task :react-native-svg:packageReleaseResources UP-TO-DATE
> Task :react-native-vector-icons:preReleaseBuild UP-TO-DATE
> Task :react-native-vector-icons:generateReleaseResValues UP-TO-DATE
> Task :react-native-vector-icons:generateReleaseResources UP-TO-DATE
> Task :react-native-vector-icons:packageReleaseResources UP-TO-DATE
> Task :react-native-worklets:preReleaseBuild
> Task :react-native-worklets:generateReleaseResValues UP-TO-DATE
> Task :react-native-worklets:generateReleaseResources UP-TO-DATE
> Task :react-native-worklets:packageReleaseResources UP-TO-DATE
> Task :app:mapReleaseSourceSetPaths UP-TO-DATE
> Task :app:generateReleaseResources UP-TO-DATE
> Task :app:createReleaseCompatibleScreenManifests
> Task :app:extractDeepLinksRelease UP-TO-DATE
> Task :lottie-react-native:extractDeepLinksRelease UP-TO-DATE
> Task :lottie-react-native:processReleaseManifest UP-TO-DATE
> Task :notifee_react-native:extractDeepLinksRelease UP-TO-DATE
> Task :notifee_react-native:processReleaseManifest UP-TO-DATE
> Task :react-native-cashfree-pg-sdk:extractDeepLinksRelease UP-TO-DATE
> Task :react-native-cashfree-pg-sdk:processReleaseManifest UP-TO-DATE
> Task :react-native-community_geolocation:extractDeepLinksRelease UP-TO-DATE
> Task :react-native-community_geolocation:processReleaseManifest UP-TO-DATE
> Task :react-native-document-picker:extractDeepLinksRelease UP-TO-DATE
> Task :react-native-document-picker:processReleaseManifest UP-TO-DATE
> Task :react-native-firebase_app:extractDeepLinksRelease UP-TO-DATE
> Task :react-native-firebase_app:processReleaseManifest UP-TO-DATE
> Task :react-native-gesture-handler:extractDeepLinksRelease UP-TO-DATE
> Task :react-native-gesture-handler:processReleaseManifest UP-TO-DATE
> Task :react-native-image-picker:extractDeepLinksRelease UP-TO-DATE
> Task :react-native-image-picker:processReleaseManifest UP-TO-DATE
> Task :react-native-linear-gradient:extractDeepLinksRelease UP-TO-DATE
> Task :react-native-linear-gradient:processReleaseManifest UP-TO-DATE
> Task :react-native-maps:extractDeepLinksRelease UP-TO-DATE
> Task :react-native-maps:processReleaseManifest UP-TO-DATE
> Task :react-native-mmkv:extractDeepLinksRelease UP-TO-DATE
> Task :react-native-mmkv:processReleaseManifest UP-TO-DATE
> Task :react-native-reanimated:extractDeepLinksRelease UP-TO-DATE
> Task :react-native-reanimated:processReleaseManifest UP-TO-DATE
> Task :react-native-safe-area-context:extractDeepLinksRelease UP-TO-DATE
> Task :react-native-safe-area-context:processReleaseManifest UP-TO-DATE
> Task :react-native-screens:extractDeepLinksRelease UP-TO-DATE
> Task :react-native-screens:processReleaseManifest UP-TO-DATE
> Task :react-native-svg:extractDeepLinksRelease UP-TO-DATE
> Task :react-native-svg:processReleaseManifest UP-TO-DATE
> Task :react-native-vector-icons:extractDeepLinksRelease UP-TO-DATE
> Task :react-native-vector-icons:processReleaseManifest UP-TO-DATE
> Task :react-native-worklets:extractDeepLinksRelease UP-TO-DATE
> Task :react-native-worklets:processReleaseManifest UP-TO-DATE

> Task :app:processReleaseMainManifest
/Users/kaleshabaig/Projects/Freelancing/Car-Systems/client/android/app/src/main/AndroidManifest.xml:11:5-96 Warning:
	uses-permission#android.permission.READ_MEDIA_IMAGES was tagged at AndroidManifest.xml:11 to remove other declarations but no other declaration present
/Users/kaleshabaig/Projects/Freelancing/Car-Systems/client/android/app/src/main/AndroidManifest.xml:12:5-95 Warning:
	uses-permission#android.permission.READ_MEDIA_VIDEO was tagged at AndroidManifest.xml:12 to remove other declarations but no other declaration present

> Task :app:processReleaseManifest
> Task :app:processApplicationManifestReleaseForBundle
> Task :lottie-react-native:writeReleaseAarMetadata UP-TO-DATE
> Task :notifee_react-native:writeReleaseAarMetadata UP-TO-DATE
> Task :react-native-cashfree-pg-sdk:writeReleaseAarMetadata UP-TO-DATE
> Task :react-native-community_geolocation:writeReleaseAarMetadata UP-TO-DATE
> Task :react-native-document-picker:writeReleaseAarMetadata UP-TO-DATE
> Task :react-native-firebase_app:writeReleaseAarMetadata UP-TO-DATE
> Task :react-native-gesture-handler:writeReleaseAarMetadata UP-TO-DATE
> Task :react-native-image-picker:writeReleaseAarMetadata UP-TO-DATE
> Task :react-native-linear-gradient:writeReleaseAarMetadata UP-TO-DATE
> Task :react-native-maps:writeReleaseAarMetadata UP-TO-DATE
> Task :react-native-mmkv:writeReleaseAarMetadata UP-TO-DATE
> Task :react-native-reanimated:writeReleaseAarMetadata UP-TO-DATE
> Task :react-native-safe-area-context:writeReleaseAarMetadata UP-TO-DATE
> Task :react-native-screens:writeReleaseAarMetadata UP-TO-DATE
> Task :react-native-svg:writeReleaseAarMetadata UP-TO-DATE
> Task :react-native-vector-icons:writeReleaseAarMetadata UP-TO-DATE
> Task :react-native-worklets:writeReleaseAarMetadata UP-TO-DATE
> Task :app:checkReleaseAarMetadata UP-TO-DATE
> Task :app:packageReleaseResources
> Task :lottie-react-native:compileReleaseLibraryResources UP-TO-DATE
> Task :lottie-react-native:parseReleaseLocalResources UP-TO-DATE
> Task :lottie-react-native:generateReleaseRFile UP-TO-DATE
> Task :notifee_react-native:compileReleaseLibraryResources UP-TO-DATE
> Task :notifee_react-native:parseReleaseLocalResources UP-TO-DATE
> Task :notifee_react-native:generateReleaseRFile UP-TO-DATE
> Task :react-native-cashfree-pg-sdk:compileReleaseLibraryResources UP-TO-DATE
> Task :react-native-cashfree-pg-sdk:parseReleaseLocalResources UP-TO-DATE
> Task :react-native-cashfree-pg-sdk:generateReleaseRFile UP-TO-DATE
> Task :react-native-community_geolocation:compileReleaseLibraryResources UP-TO-DATE
> Task :react-native-community_geolocation:parseReleaseLocalResources UP-TO-DATE
> Task :app:parseReleaseLocalResources
> Task :react-native-community_geolocation:generateReleaseRFile UP-TO-DATE
> Task :react-native-document-picker:compileReleaseLibraryResources UP-TO-DATE
> Task :react-native-document-picker:parseReleaseLocalResources UP-TO-DATE
> Task :react-native-document-picker:generateReleaseRFile UP-TO-DATE
> Task :react-native-firebase_app:compileReleaseLibraryResources UP-TO-DATE
> Task :react-native-firebase_app:parseReleaseLocalResources UP-TO-DATE
> Task :react-native-firebase_app:generateReleaseRFile UP-TO-DATE
> Task :react-native-gesture-handler:compileReleaseLibraryResources UP-TO-DATE
> Task :react-native-gesture-handler:parseReleaseLocalResources UP-TO-DATE
> Task :react-native-gesture-handler:generateReleaseRFile UP-TO-DATE
> Task :react-native-image-picker:compileReleaseLibraryResources UP-TO-DATE
> Task :react-native-image-picker:parseReleaseLocalResources UP-TO-DATE
> Task :react-native-image-picker:generateReleaseRFile UP-TO-DATE
> Task :app:processReleaseManifestForPackage
> Task :react-native-linear-gradient:compileReleaseLibraryResources UP-TO-DATE
> Task :react-native-linear-gradient:parseReleaseLocalResources UP-TO-DATE
> Task :react-native-linear-gradient:generateReleaseRFile UP-TO-DATE
> Task :react-native-maps:compileReleaseLibraryResources UP-TO-DATE
> Task :react-native-maps:parseReleaseLocalResources UP-TO-DATE
> Task :react-native-maps:generateReleaseRFile UP-TO-DATE
> Task :react-native-mmkv:compileReleaseLibraryResources UP-TO-DATE
> Task :react-native-mmkv:parseReleaseLocalResources UP-TO-DATE
> Task :react-native-mmkv:generateReleaseRFile UP-TO-DATE
> Task :react-native-reanimated:compileReleaseLibraryResources UP-TO-DATE
> Task :react-native-reanimated:parseReleaseLocalResources UP-TO-DATE
> Task :react-native-reanimated:generateReleaseRFile UP-TO-DATE
> Task :react-native-safe-area-context:compileReleaseLibraryResources UP-TO-DATE
> Task :react-native-safe-area-context:parseReleaseLocalResources UP-TO-DATE
> Task :react-native-safe-area-context:generateReleaseRFile UP-TO-DATE
> Task :react-native-screens:compileReleaseLibraryResources UP-TO-DATE
> Task :react-native-screens:parseReleaseLocalResources UP-TO-DATE
> Task :react-native-screens:generateReleaseRFile UP-TO-DATE
> Task :react-native-svg:compileReleaseLibraryResources UP-TO-DATE
> Task :react-native-svg:parseReleaseLocalResources UP-TO-DATE
> Task :react-native-svg:generateReleaseRFile UP-TO-DATE
> Task :react-native-vector-icons:compileReleaseLibraryResources UP-TO-DATE
> Task :react-native-vector-icons:parseReleaseLocalResources UP-TO-DATE
> Task :react-native-vector-icons:generateReleaseRFile UP-TO-DATE
> Task :react-native-worklets:compileReleaseLibraryResources UP-TO-DATE
> Task :react-native-worklets:parseReleaseLocalResources UP-TO-DATE
> Task :react-native-worklets:generateReleaseRFile UP-TO-DATE
> Task :app:extractReleaseVersionControlInfo UP-TO-DATE
> Task :app:mergeReleaseShaders UP-TO-DATE
> Task :app:compileReleaseShaders NO-SOURCE
> Task :app:copyReactNativeVectorIconFonts UP-TO-DATE
> Task :app:generateReleaseAssets UP-TO-DATE
> Task :lottie-react-native:mergeReleaseShaders UP-TO-DATE
> Task :lottie-react-native:compileReleaseShaders NO-SOURCE
> Task :lottie-react-native:generateReleaseAssets UP-TO-DATE
> Task :lottie-react-native:mergeReleaseAssets UP-TO-DATE
> Task :notifee_react-native:mergeReleaseShaders UP-TO-DATE
> Task :notifee_react-native:compileReleaseShaders NO-SOURCE
> Task :notifee_react-native:generateReleaseAssets UP-TO-DATE
> Task :notifee_react-native:mergeReleaseAssets UP-TO-DATE
> Task :react-native-cashfree-pg-sdk:mergeReleaseShaders UP-TO-DATE
> Task :react-native-cashfree-pg-sdk:compileReleaseShaders NO-SOURCE
> Task :react-native-cashfree-pg-sdk:generateReleaseAssets UP-TO-DATE
> Task :react-native-cashfree-pg-sdk:mergeReleaseAssets UP-TO-DATE
> Task :react-native-community_geolocation:mergeReleaseShaders UP-TO-DATE
> Task :react-native-community_geolocation:compileReleaseShaders NO-SOURCE
> Task :react-native-community_geolocation:generateReleaseAssets UP-TO-DATE
> Task :react-native-community_geolocation:mergeReleaseAssets UP-TO-DATE
> Task :react-native-document-picker:mergeReleaseShaders UP-TO-DATE
> Task :react-native-document-picker:compileReleaseShaders NO-SOURCE
> Task :react-native-document-picker:generateReleaseAssets UP-TO-DATE
> Task :react-native-document-picker:mergeReleaseAssets UP-TO-DATE
> Task :react-native-firebase_app:mergeReleaseShaders UP-TO-DATE
> Task :react-native-firebase_app:compileReleaseShaders NO-SOURCE
> Task :react-native-firebase_app:generateReleaseAssets UP-TO-DATE
> Task :react-native-firebase_app:mergeReleaseAssets UP-TO-DATE
> Task :react-native-gesture-handler:mergeReleaseShaders UP-TO-DATE
> Task :react-native-gesture-handler:compileReleaseShaders NO-SOURCE
> Task :react-native-gesture-handler:generateReleaseAssets UP-TO-DATE
> Task :react-native-gesture-handler:mergeReleaseAssets UP-TO-DATE
> Task :react-native-image-picker:mergeReleaseShaders UP-TO-DATE
> Task :react-native-image-picker:compileReleaseShaders NO-SOURCE
> Task :react-native-image-picker:generateReleaseAssets UP-TO-DATE
> Task :react-native-image-picker:mergeReleaseAssets UP-TO-DATE
> Task :react-native-linear-gradient:mergeReleaseShaders UP-TO-DATE
> Task :react-native-linear-gradient:compileReleaseShaders NO-SOURCE
> Task :react-native-linear-gradient:generateReleaseAssets UP-TO-DATE
> Task :react-native-linear-gradient:mergeReleaseAssets UP-TO-DATE
> Task :react-native-maps:mergeReleaseShaders UP-TO-DATE
> Task :react-native-maps:compileReleaseShaders NO-SOURCE
> Task :react-native-maps:generateReleaseAssets UP-TO-DATE
> Task :react-native-maps:mergeReleaseAssets UP-TO-DATE
> Task :react-native-mmkv:mergeReleaseShaders UP-TO-DATE
> Task :react-native-mmkv:compileReleaseShaders NO-SOURCE
> Task :react-native-mmkv:generateReleaseAssets UP-TO-DATE
> Task :react-native-mmkv:mergeReleaseAssets UP-TO-DATE
> Task :react-native-reanimated:mergeReleaseShaders UP-TO-DATE
> Task :react-native-reanimated:compileReleaseShaders NO-SOURCE
> Task :react-native-reanimated:generateReleaseAssets UP-TO-DATE
> Task :react-native-reanimated:mergeReleaseAssets UP-TO-DATE
> Task :react-native-safe-area-context:mergeReleaseShaders UP-TO-DATE
> Task :react-native-safe-area-context:compileReleaseShaders NO-SOURCE
> Task :react-native-safe-area-context:generateReleaseAssets UP-TO-DATE
> Task :react-native-safe-area-context:mergeReleaseAssets UP-TO-DATE
> Task :react-native-screens:mergeReleaseShaders UP-TO-DATE
> Task :react-native-screens:compileReleaseShaders NO-SOURCE
> Task :react-native-screens:generateReleaseAssets UP-TO-DATE
> Task :react-native-screens:mergeReleaseAssets UP-TO-DATE
> Task :react-native-svg:mergeReleaseShaders UP-TO-DATE
> Task :react-native-svg:compileReleaseShaders NO-SOURCE
> Task :react-native-svg:generateReleaseAssets UP-TO-DATE
> Task :react-native-svg:mergeReleaseAssets UP-TO-DATE
> Task :react-native-vector-icons:mergeReleaseShaders UP-TO-DATE
> Task :react-native-vector-icons:compileReleaseShaders NO-SOURCE
> Task :react-native-vector-icons:generateReleaseAssets UP-TO-DATE
> Task :react-native-vector-icons:mergeReleaseAssets UP-TO-DATE
> Task :react-native-worklets:mergeReleaseShaders UP-TO-DATE
> Task :react-native-worklets:compileReleaseShaders NO-SOURCE
> Task :react-native-worklets:generateReleaseAssets UP-TO-DATE
> Task :react-native-worklets:mergeReleaseAssets UP-TO-DATE
> Task :app:mergeReleaseAssets UP-TO-DATE
> Task :lottie-react-native:checkKotlinGradlePluginConfigurationErrors SKIPPED
> Task :lottie-react-native:generateReleaseBuildConfig UP-TO-DATE
> Task :app:mergeReleaseResources
> Task :lottie-react-native:compileReleaseKotlin UP-TO-DATE
> Task :lottie-react-native:javaPreCompileRelease UP-TO-DATE
> Task :app:processReleaseResources
> Task :lottie-react-native:compileReleaseJavaWithJavac UP-TO-DATE
> Task :lottie-react-native:mergeReleaseGeneratedProguardFiles UP-TO-DATE
> Task :lottie-react-native:exportReleaseConsumerProguardFiles UP-TO-DATE
> Task :react-native-gesture-handler:checkKotlinGradlePluginConfigurationErrors SKIPPED
> Task :react-native-gesture-handler:generateReleaseBuildConfig UP-TO-DATE
> Task :react-native-reanimated:generateReleaseBuildConfig UP-TO-DATE
> Task :react-native-reanimated:javaPreCompileRelease UP-TO-DATE
> Task :react-native-worklets:generateReleaseBuildConfig UP-TO-DATE
> Task :react-native-worklets:javaPreCompileRelease UP-TO-DATE
> Task :app:bundleReleaseResources
> Task :react-native-worklets:compileReleaseJavaWithJavac UP-TO-DATE
> Task :react-native-worklets:bundleLibCompileToJarRelease UP-TO-DATE
> Task :react-native-reanimated:compileReleaseJavaWithJavac UP-TO-DATE
> Task :react-native-reanimated:bundleLibCompileToJarRelease UP-TO-DATE
> Task :react-native-svg:generateReleaseBuildConfig UP-TO-DATE
> Task :react-native-svg:javaPreCompileRelease UP-TO-DATE
> Task :react-native-svg:compileReleaseJavaWithJavac UP-TO-DATE
> Task :react-native-svg:bundleLibCompileToJarRelease UP-TO-DATE
> Task :react-native-gesture-handler:compileReleaseKotlin UP-TO-DATE
> Task :react-native-gesture-handler:javaPreCompileRelease UP-TO-DATE
> Task :react-native-gesture-handler:compileReleaseJavaWithJavac UP-TO-DATE
> Task :react-native-gesture-handler:mergeReleaseGeneratedProguardFiles UP-TO-DATE
> Task :react-native-gesture-handler:exportReleaseConsumerProguardFiles UP-TO-DATE
> Task :react-native-maps:checkKotlinGradlePluginConfigurationErrors SKIPPED
> Task :react-native-maps:generateReleaseBuildConfig UP-TO-DATE
> Task :react-native-maps:compileReleaseKotlin NO-SOURCE
> Task :react-native-maps:javaPreCompileRelease UP-TO-DATE
> Task :react-native-maps:compileReleaseJavaWithJavac UP-TO-DATE
> Task :react-native-maps:mergeReleaseGeneratedProguardFiles UP-TO-DATE
> Task :react-native-maps:exportReleaseConsumerProguardFiles UP-TO-DATE
> Task :react-native-safe-area-context:checkKotlinGradlePluginConfigurationErrors SKIPPED
> Task :react-native-safe-area-context:generateReleaseBuildConfig UP-TO-DATE
> Task :react-native-safe-area-context:compileReleaseKotlin UP-TO-DATE
> Task :react-native-safe-area-context:javaPreCompileRelease UP-TO-DATE
> Task :react-native-safe-area-context:compileReleaseJavaWithJavac UP-TO-DATE
> Task :react-native-safe-area-context:mergeReleaseGeneratedProguardFiles UP-TO-DATE
> Task :react-native-safe-area-context:exportReleaseConsumerProguardFiles UP-TO-DATE
> Task :react-native-screens:checkKotlinGradlePluginConfigurationErrors SKIPPED
> Task :react-native-screens:generateReleaseBuildConfig UP-TO-DATE
> Task :react-native-screens:compileReleaseKotlin UP-TO-DATE
> Task :react-native-screens:javaPreCompileRelease UP-TO-DATE
> Task :react-native-screens:compileReleaseJavaWithJavac UP-TO-DATE
> Task :react-native-screens:mergeReleaseGeneratedProguardFiles UP-TO-DATE
> Task :react-native-screens:exportReleaseConsumerProguardFiles UP-TO-DATE
> Task :notifee_react-native:generateReleaseBuildConfig UP-TO-DATE
> Task :notifee_react-native:javaPreCompileRelease UP-TO-DATE
> Task :notifee_react-native:compileReleaseJavaWithJavac UP-TO-DATE
> Task :notifee_react-native:mergeReleaseGeneratedProguardFiles UP-TO-DATE
> Task :notifee_react-native:exportReleaseConsumerProguardFiles UP-TO-DATE
> Task :react-native-community_geolocation:generateReleaseBuildConfig UP-TO-DATE
> Task :react-native-community_geolocation:javaPreCompileRelease UP-TO-DATE
> Task :react-native-community_geolocation:compileReleaseJavaWithJavac UP-TO-DATE
> Task :react-native-community_geolocation:mergeReleaseGeneratedProguardFiles UP-TO-DATE
> Task :react-native-community_geolocation:exportReleaseConsumerProguardFiles UP-TO-DATE
> Task :react-native-firebase_app:generateReleaseBuildConfig UP-TO-DATE
> Task :react-native-firebase_app:javaPreCompileRelease UP-TO-DATE
> Task :react-native-firebase_app:compileReleaseJavaWithJavac UP-TO-DATE
> Task :react-native-firebase_app:mergeReleaseGeneratedProguardFiles UP-TO-DATE
> Task :react-native-firebase_app:exportReleaseConsumerProguardFiles UP-TO-DATE
> Task :react-native-cashfree-pg-sdk:generateReleaseBuildConfig UP-TO-DATE
> Task :react-native-cashfree-pg-sdk:javaPreCompileRelease UP-TO-DATE
> Task :react-native-cashfree-pg-sdk:compileReleaseJavaWithJavac UP-TO-DATE
> Task :react-native-cashfree-pg-sdk:mergeReleaseGeneratedProguardFiles UP-TO-DATE
> Task :react-native-cashfree-pg-sdk:exportReleaseConsumerProguardFiles UP-TO-DATE
> Task :react-native-document-picker:generateReleaseBuildConfig UP-TO-DATE
> Task :react-native-document-picker:javaPreCompileRelease UP-TO-DATE
> Task :react-native-document-picker:compileReleaseJavaWithJavac UP-TO-DATE
> Task :react-native-document-picker:mergeReleaseGeneratedProguardFiles UP-TO-DATE
> Task :react-native-document-picker:exportReleaseConsumerProguardFiles UP-TO-DATE
> Task :react-native-image-picker:generateReleaseBuildConfig UP-TO-DATE
> Task :react-native-image-picker:javaPreCompileRelease UP-TO-DATE
> Task :react-native-image-picker:compileReleaseJavaWithJavac UP-TO-DATE
> Task :react-native-image-picker:mergeReleaseGeneratedProguardFiles UP-TO-DATE
> Task :react-native-image-picker:exportReleaseConsumerProguardFiles UP-TO-DATE
> Task :react-native-linear-gradient:generateReleaseBuildConfig UP-TO-DATE
> Task :react-native-linear-gradient:javaPreCompileRelease UP-TO-DATE
> Task :react-native-linear-gradient:compileReleaseJavaWithJavac UP-TO-DATE
> Task :react-native-linear-gradient:mergeReleaseGeneratedProguardFiles UP-TO-DATE
> Task :react-native-linear-gradient:exportReleaseConsumerProguardFiles UP-TO-DATE
> Task :react-native-mmkv:generateReleaseBuildConfig UP-TO-DATE
> Task :react-native-mmkv:javaPreCompileRelease UP-TO-DATE
> Task :react-native-mmkv:compileReleaseJavaWithJavac UP-TO-DATE
> Task :react-native-mmkv:mergeReleaseGeneratedProguardFiles UP-TO-DATE
> Task :react-native-mmkv:exportReleaseConsumerProguardFiles UP-TO-DATE
> Task :react-native-reanimated:mergeReleaseGeneratedProguardFiles UP-TO-DATE
> Task :react-native-reanimated:exportReleaseConsumerProguardFiles UP-TO-DATE
> Task :react-native-svg:mergeReleaseGeneratedProguardFiles UP-TO-DATE
> Task :react-native-svg:exportReleaseConsumerProguardFiles UP-TO-DATE
> Task :react-native-vector-icons:generateReleaseBuildConfig UP-TO-DATE
> Task :react-native-vector-icons:javaPreCompileRelease UP-TO-DATE
> Task :react-native-vector-icons:compileReleaseJavaWithJavac UP-TO-DATE
> Task :react-native-vector-icons:mergeReleaseGeneratedProguardFiles UP-TO-DATE
> Task :react-native-vector-icons:exportReleaseConsumerProguardFiles UP-TO-DATE
> Task :react-native-worklets:mergeReleaseGeneratedProguardFiles UP-TO-DATE
> Task :react-native-worklets:exportReleaseConsumerProguardFiles UP-TO-DATE
> Task :app:buildKotlinToolingMetadata UP-TO-DATE
> Task :app:checkReleaseDuplicateClasses UP-TO-DATE
> Task :app:checkKotlinGradlePluginConfigurationErrors SKIPPED
> Task :app:generateReleaseBuildConfig
> Task :lottie-react-native:bundleLibCompileToJarRelease UP-TO-DATE
> Task :notifee_react-native:bundleLibCompileToJarRelease UP-TO-DATE
> Task :react-native-cashfree-pg-sdk:bundleLibCompileToJarRelease UP-TO-DATE
> Task :react-native-community_geolocation:bundleLibCompileToJarRelease UP-TO-DATE
> Task :react-native-document-picker:bundleLibCompileToJarRelease UP-TO-DATE
> Task :react-native-firebase_app:bundleLibCompileToJarRelease UP-TO-DATE
> Task :react-native-gesture-handler:bundleLibCompileToJarRelease UP-TO-DATE
> Task :react-native-image-picker:bundleLibCompileToJarRelease UP-TO-DATE
> Task :react-native-linear-gradient:bundleLibCompileToJarRelease UP-TO-DATE
> Task :react-native-maps:bundleLibCompileToJarRelease UP-TO-DATE
> Task :react-native-mmkv:bundleLibCompileToJarRelease UP-TO-DATE
> Task :react-native-safe-area-context:bundleLibCompileToJarRelease UP-TO-DATE
> Task :react-native-screens:bundleLibCompileToJarRelease UP-TO-DATE
> Task :react-native-vector-icons:bundleLibCompileToJarRelease UP-TO-DATE
> Task :app:javaPreCompileRelease UP-TO-DATE
> Task :lottie-react-native:prepareReleaseArtProfile UP-TO-DATE
> Task :notifee_react-native:prepareReleaseArtProfile UP-TO-DATE
> Task :react-native-cashfree-pg-sdk:prepareReleaseArtProfile UP-TO-DATE
> Task :react-native-community_geolocation:prepareReleaseArtProfile UP-TO-DATE
> Task :react-native-document-picker:prepareReleaseArtProfile UP-TO-DATE
> Task :react-native-firebase_app:prepareReleaseArtProfile UP-TO-DATE
> Task :react-native-gesture-handler:prepareReleaseArtProfile UP-TO-DATE
> Task :react-native-image-picker:prepareReleaseArtProfile UP-TO-DATE
> Task :react-native-linear-gradient:prepareReleaseArtProfile UP-TO-DATE
> Task :react-native-maps:prepareReleaseArtProfile UP-TO-DATE
> Task :react-native-mmkv:prepareReleaseArtProfile UP-TO-DATE
> Task :react-native-reanimated:prepareReleaseArtProfile UP-TO-DATE
> Task :react-native-safe-area-context:prepareReleaseArtProfile UP-TO-DATE
> Task :react-native-screens:prepareReleaseArtProfile UP-TO-DATE
> Task :react-native-svg:prepareReleaseArtProfile UP-TO-DATE
> Task :react-native-vector-icons:prepareReleaseArtProfile UP-TO-DATE
> Task :react-native-worklets:prepareReleaseArtProfile UP-TO-DATE
> Task :app:mergeReleaseArtProfile UP-TO-DATE
> Task :lottie-react-native:bundleLibRuntimeToJarRelease UP-TO-DATE
> Task :notifee_react-native:bundleLibRuntimeToJarRelease UP-TO-DATE
> Task :react-native-cashfree-pg-sdk:bundleLibRuntimeToJarRelease UP-TO-DATE
> Task :react-native-community_geolocation:bundleLibRuntimeToJarRelease UP-TO-DATE
> Task :react-native-document-picker:bundleLibRuntimeToJarRelease UP-TO-DATE
> Task :react-native-firebase_app:bundleLibRuntimeToJarRelease UP-TO-DATE
> Task :react-native-gesture-handler:bundleLibRuntimeToJarRelease UP-TO-DATE
> Task :react-native-image-picker:bundleLibRuntimeToJarRelease UP-TO-DATE
> Task :react-native-linear-gradient:bundleLibRuntimeToJarRelease UP-TO-DATE
> Task :react-native-maps:bundleLibRuntimeToJarRelease UP-TO-DATE
> Task :react-native-mmkv:bundleLibRuntimeToJarRelease UP-TO-DATE
> Task :react-native-reanimated:bundleLibRuntimeToJarRelease UP-TO-DATE
> Task :react-native-safe-area-context:bundleLibRuntimeToJarRelease UP-TO-DATE
> Task :react-native-screens:bundleLibRuntimeToJarRelease UP-TO-DATE
> Task :react-native-svg:bundleLibRuntimeToJarRelease UP-TO-DATE
> Task :react-native-vector-icons:bundleLibRuntimeToJarRelease UP-TO-DATE
> Task :react-native-worklets:bundleLibRuntimeToJarRelease UP-TO-DATE
> Task :app:extractProguardFiles UP-TO-DATE
> Task :lottie-react-native:processReleaseJavaRes UP-TO-DATE
> Task :notifee_react-native:processReleaseJavaRes NO-SOURCE
> Task :react-native-cashfree-pg-sdk:processReleaseJavaRes NO-SOURCE
> Task :react-native-community_geolocation:processReleaseJavaRes NO-SOURCE
> Task :react-native-document-picker:processReleaseJavaRes NO-SOURCE
> Task :react-native-firebase_app:processReleaseJavaRes NO-SOURCE
> Task :react-native-gesture-handler:processReleaseJavaRes UP-TO-DATE
> Task :react-native-image-picker:processReleaseJavaRes NO-SOURCE
> Task :react-native-linear-gradient:processReleaseJavaRes NO-SOURCE
> Task :react-native-maps:processReleaseJavaRes NO-SOURCE
> Task :react-native-mmkv:processReleaseJavaRes NO-SOURCE
> Task :react-native-reanimated:processReleaseJavaRes NO-SOURCE
> Task :react-native-safe-area-context:processReleaseJavaRes UP-TO-DATE
> Task :react-native-screens:processReleaseJavaRes UP-TO-DATE
> Task :react-native-svg:processReleaseJavaRes NO-SOURCE
> Task :react-native-vector-icons:processReleaseJavaRes NO-SOURCE
> Task :react-native-worklets:processReleaseJavaRes NO-SOURCE
> Task :app:mergeReleaseStartupProfile UP-TO-DATE
> Task :app:compileReleaseKotlin
> Task :react-native-worklets:configureCMakeRelWithDebInfo[arm64-v8a]
> Task :app:compileReleaseJavaWithJavac
> Task :app:mergeReleaseGeneratedProguardFiles UP-TO-DATE
> Task :app:processReleaseJavaRes UP-TO-DATE
> Task :app:expandReleaseArtProfileWildcards
> Task :app:mergeReleaseJavaResource UP-TO-DATE
> Task :react-native-worklets:buildCMakeRelWithDebInfo[arm64-v8a][worklets]
> Task :react-native-worklets:configureCMakeRelWithDebInfo[armeabi-v7a]
WARNING: /private/var/folders/fd/r6ytmh5x21ldbysgp1hn26qh0000gn/T/cursor-sandbox-cache/bd6ce382d24f8505f63402c41bbabbcb/gradle/caches/9.0.0/transforms/c209a594e6cc53dd58230e8fda154ee5/transformed/play-services-auth-21.5.0-runtime.jar: R8: Invalid stack map table at instruction index 10: invokespecial Lcom/google/android/gms/common/api/Api$AbstractClientBuilder;<init>()V, error: Constructor mismatch, expected constructor from com.google.android.gms.auth.api.zba, but was com.google.android.gms.common.api.Api$AbstractClientBuilder.<init>(). In later version of R8, the method may be assumed not reachable.
WARNING: /private/var/folders/fd/r6ytmh5x21ldbysgp1hn26qh0000gn/T/cursor-sandbox-cache/bd6ce382d24f8505f63402c41bbabbcb/gradle/caches/9.0.0/transforms/c209a594e6cc53dd58230e8fda154ee5/transformed/play-services-auth-21.5.0-runtime.jar: R8: Invalid stack map table at instruction index 2: invokespecial Ljava/lang/Object;<init>()V, error: Constructor mismatch, expected constructor from com.google.android.gms.auth.api.signin.zbb, but was java.lang.Object.<init>(). In later version of R8, the method may be assumed not reachable.
WARNING: /private/var/folders/fd/r6ytmh5x21ldbysgp1hn26qh0000gn/T/cursor-sandbox-cache/bd6ce382d24f8505f63402c41bbabbcb/gradle/caches/9.0.0/transforms/c209a594e6cc53dd58230e8fda154ee5/transformed/play-services-auth-21.5.0-runtime.jar: R8: Invalid stack map table at instruction index 2: invokespecial Ljava/lang/Object;<init>()V, error: Constructor mismatch, expected constructor from com.google.android.gms.auth.api.signin.internal.zbu, but was java.lang.Object.<init>(). In later version of R8, the method may be assumed not reachable.
WARNING: /private/var/folders/fd/r6ytmh5x21ldbysgp1hn26qh0000gn/T/cursor-sandbox-cache/bd6ce382d24f8505f63402c41bbabbcb/gradle/caches/9.0.0/transforms/c209a594e6cc53dd58230e8fda154ee5/transformed/play-services-auth-21.5.0-runtime.jar: R8: Invalid stack map table at instruction index 17: invokespecial Lcom/google/android/gms/auth/api/signin/internal/zbl;<init>(Lcom/google/android/gms/common/api/GoogleApiClient;)V, error: Constructor mismatch, expected constructor from com.google.android.gms.auth.api.signin.internal.zbi, but was com.google.android.gms.auth.api.signin.internal.zbl.<init>(com.google.android.gms.common.api.GoogleApiClient). In later version of R8, the method may be assumed not reachable.
WARNING: /private/var/folders/fd/r6ytmh5x21ldbysgp1hn26qh0000gn/T/cursor-sandbox-cache/bd6ce382d24f8505f63402c41bbabbcb/gradle/caches/9.0.0/transforms/c209a594e6cc53dd58230e8fda154ee5/transformed/play-services-auth-21.5.0-runtime.jar: R8: Invalid stack map table at instruction index 20: invokespecial Lcom/google/android/gms/auth/api/signin/internal/zbl;<init>(Lcom/google/android/gms/common/api/GoogleApiClient;)V, error: Constructor mismatch, expected constructor from com.google.android.gms.auth.api.signin.internal.zbk, but was com.google.android.gms.auth.api.signin.internal.zbl.<init>(com.google.android.gms.common.api.GoogleApiClient). In later version of R8, the method may be assumed not reachable.
> Task :react-native-worklets:buildCMakeRelWithDebInfo[armeabi-v7a][worklets]
> Task :react-native-worklets:configureCMakeRelWithDebInfo[x86]
> Task :app:minifyReleaseWithR8
> Task :react-native-worklets:buildCMakeRelWithDebInfo[x86][worklets]
> Task :react-native-worklets:configureCMakeRelWithDebInfo[x86_64]
> Task :react-native-worklets:buildCMakeRelWithDebInfo[x86_64][worklets]
> Task :react-native-worklets:externalNativeBuildRelease
> Task :react-native-worklets:generateJsonModelRelease
> Task :react-native-worklets:prefabReleaseConfigurePackage
> Task :react-native-reanimated:configureCMakeRelWithDebInfo[arm64-v8a]
> Task :react-native-reanimated:configureCMakeRelWithDebInfo[armeabi-v7a]
> Task :react-native-reanimated:configureCMakeRelWithDebInfo[x86]
> Task :react-native-reanimated:configureCMakeRelWithDebInfo[x86_64]
> Task :react-native-reanimated:generateJsonModelRelease
> Task :react-native-reanimated:prefabReleaseConfigurePackage
> Task :app:configureCMakeRelWithDebInfo[arm64-v8a]
> Task :react-native-worklets:prefabReleasePackage
> Task :react-native-reanimated:buildCMakeRelWithDebInfo[arm64-v8a][reanimated]
> Task :react-native-reanimated:buildCMakeRelWithDebInfo[armeabi-v7a][reanimated]
> Task :react-native-reanimated:buildCMakeRelWithDebInfo[x86][reanimated]
> Task :react-native-reanimated:buildCMakeRelWithDebInfo[x86_64][reanimated]
> Task :react-native-worklets:mergeReleaseJniLibFolders UP-TO-DATE
> Task :react-native-worklets:mergeReleaseNativeLibs
> Task :app:configureCMakeRelWithDebInfo[armeabi-v7a]
> Task :react-native-worklets:copyReleaseJniLibsProjectOnly
> Task :app:configureCMakeRelWithDebInfo[x86]
> Task :react-native-reanimated:externalNativeBuildRelease
> Task :react-native-reanimated:prefabReleasePackage
> Task :app:buildCMakeRelWithDebInfo[arm64-v8a]
> Task :app:buildCMakeRelWithDebInfo[armeabi-v7a]
